<?xml version="1.0" encoding="UTF-8"?>
<!-- Generated by org.testng.reporters.JUnitReportReporter -->
<testsuite hostname="DESKTOP-N2CIL4O" failures="0" tests="5" name="tests.SignupTests" time="4.998" errors="0" timestamp="2022-12-05T12:06:12 CST" skipped="0">
  <testcase classname="tests.SignupTests" name="testCase1" time="1.469"/>
  <system-out/>
  <testcase classname="tests.SignupTests" name="testCase5" time="0.006"/>
  <system-out/>
  <testcase classname="tests.SignupTests" name="testCase3" time="0.006"/>
  <system-out/>
  <testcase classname="tests.SignupTests" name="testCase4" time="0.004"/>
  <system-out/>
  <testcase classname="tests.SignupTests" name="SignUpTest" time="3.513"/>
  <system-out/>
</testsuite> <!-- tests.SignupTests -->
